<?xml version="1.0" encoding="UTF-8"?>
<!-- Generated by org.testng.reporters.JUnitXMLReporter -->
<testsuite ignored="0" hostname="LAPTOP-POCHI3TQ" failures="0" tests="12" name="Default test" time="58.093" errors="0" timestamp="2023-10-17T17:38:43 IST">
  <testcase classname="com.luma.tests.GearTest" name="testGear" time="6.821"/>
  <testcase classname="com.luma.tests.GearTest" name="testFitnessEquipmentPage" time="0.012"/>
  <testcase classname="com.luma.tests.GearTest" name="testListView" time="1.53"/>
  <testcase classname="com.luma.tests.GearTest" name="testListViewPage" time="0.072"/>
  <testcase classname="com.luma.tests.GearTest" name="testSortByProductName" time="0.084"/>
  <testcase classname="com.luma.tests.GearTest" name="testPushupGrip" time="3.632"/>
  <testcase classname="com.luma.tests.GearTest" name="testPushupGripPage" time="0.01"/>
  <testcase classname="com.luma.tests.GearTest" name="testQuantity" time="0.136"/>
  <testcase classname="com.luma.tests.GearTest" name="testAddToCart" time="0.067"/>
  <testcase classname="com.luma.tests.GearTest" name="testAddToCartSucessMessage" time="3.378"/>
  <testcase classname="com.luma.tests.GearTest" name="testShoppingCart" time="0.06"/>
  <testcase classname="com.luma.tests.GearTest" name="testShoppingCartCloseButton" time="0.066"/>
</testsuite> <!-- Default test -->
