<?xml version="1.0" encoding="UTF-8"?>
<testng-results ignored="0" total="7" passed="7" failed="0" skipped="0">
  <reporter-output>
  </reporter-output>
  <suite started-at="2023-10-25T18:35:09 IST" name="Default suite" finished-at="2023-10-25T18:35:25 IST" duration-ms="15940">
    <groups>
    </groups>
    <test started-at="2023-10-25T18:35:09 IST" name="Default test" finished-at="2023-10-25T18:35:25 IST" duration-ms="15940">
      <class name="com.luma.tests.ForgotPasswordTest">
        <test-method is-config="true" signature="setUp()[pri:0, instance:com.luma.tests.ForgotPasswordTest@75d3a5e0]" started-at="2023-10-25T18:35:09 IST" name="setUp" finished-at="2023-10-25T18:35:18 IST" duration-ms="8457" status="PASS">
          <reporter-output>
          </reporter-output>
        </test-method> <!-- setUp -->
        <test-method signature="testSignIn()[pri:1, instance:com.luma.tests.ForgotPasswordTest@75d3a5e0]" started-at="2023-10-25T18:35:18 IST" name="testSignIn" finished-at="2023-10-25T18:35:20 IST" duration-ms="2394" status="PASS">
          <reporter-output>
          </reporter-output>
        </test-method> <!-- testSignIn -->
        <test-method signature="testForgotPasswordLink()[pri:2, instance:com.luma.tests.ForgotPasswordTest@75d3a5e0]" started-at="2023-10-25T18:35:20 IST" name="testForgotPasswordLink" finished-at="2023-10-25T18:35:20 IST" duration-ms="100" status="PASS">
          <reporter-output>
          </reporter-output>
        </test-method> <!-- testForgotPasswordLink -->
        <test-method signature="testForgotPassword()[pri:3, instance:com.luma.tests.ForgotPasswordTest@75d3a5e0]" started-at="2023-10-25T18:35:20 IST" name="testForgotPassword" finished-at="2023-10-25T18:35:21 IST" duration-ms="1067" status="PASS">
          <reporter-output>
          </reporter-output>
        </test-method> <!-- testForgotPassword -->
        <test-method signature="testForgotPasswordPage()[pri:4, instance:com.luma.tests.ForgotPasswordTest@75d3a5e0]" started-at="2023-10-25T18:35:21 IST" name="testForgotPasswordPage" finished-at="2023-10-25T18:35:22 IST" duration-ms="82" status="PASS">
          <reporter-output>
          </reporter-output>
        </test-method> <!-- testForgotPasswordPage -->
        <test-method signature="testEmail()[pri:5, instance:com.luma.tests.ForgotPasswordTest@75d3a5e0]" started-at="2023-10-25T18:35:22 IST" name="testEmail" finished-at="2023-10-25T18:35:22 IST" duration-ms="193" status="PASS">
          <reporter-output>
          </reporter-output>
        </test-method> <!-- testEmail -->
        <test-method signature="testResetPassword()[pri:6, instance:com.luma.tests.ForgotPasswordTest@75d3a5e0]" started-at="2023-10-25T18:35:22 IST" name="testResetPassword" finished-at="2023-10-25T18:35:25 IST" duration-ms="3296" status="PASS">
          <reporter-output>
          </reporter-output>
        </test-method> <!-- testResetPassword -->
        <test-method signature="testResetPasswordMessage()[pri:7, instance:com.luma.tests.ForgotPasswordTest@75d3a5e0]" started-at="2023-10-25T18:35:25 IST" name="testResetPasswordMessage" finished-at="2023-10-25T18:35:25 IST" duration-ms="133" status="PASS">
          <reporter-output>
          </reporter-output>
        </test-method> <!-- testResetPasswordMessage -->
        <test-method is-config="true" signature="tearDown()[pri:0, instance:com.luma.tests.ForgotPasswordTest@75d3a5e0]" started-at="2023-10-25T18:35:25 IST" name="tearDown" finished-at="2023-10-25T18:35:25 IST" duration-ms="128" status="PASS">
          <reporter-output>
          </reporter-output>
        </test-method> <!-- tearDown -->
      </class> <!-- com.luma.tests.ForgotPasswordTest -->
    </test> <!-- Default test -->
  </suite> <!-- Default suite -->
</testng-results>
