<?xml version="1.0" encoding="UTF-8"?>
<testng-results ignored="0" total="15" passed="15" failed="0" skipped="0">
  <reporter-output>
  </reporter-output>
  <suite started-at="2023-10-12T17:38:55 IST" name="Default suite" finished-at="2023-10-12T17:39:43 IST" duration-ms="47822">
    <groups>
    </groups>
    <test started-at="2023-10-12T17:38:55 IST" name="Default test" finished-at="2023-10-12T17:39:43 IST" duration-ms="47822">
      <class name="com.luma.tests.WhatsNewTest">
        <test-method is-config="true" signature="setUp()[pri:0, instance:com.luma.tests.WhatsNewTest@6bbe85a8]" started-at="2023-10-12T17:38:55 IST" name="setUp" finished-at="2023-10-12T17:39:28 IST" duration-ms="33026" status="PASS">
          <reporter-output>
          </reporter-output>
        </test-method> <!-- setUp -->
        <test-method signature="testWhatsNew()[pri:1, instance:com.luma.tests.WhatsNewTest@6bbe85a8]" started-at="2023-10-12T17:39:28 IST" name="testWhatsNew" finished-at="2023-10-12T17:39:31 IST" duration-ms="3495" status="PASS">
          <reporter-output>
          </reporter-output>
        </test-method> <!-- testWhatsNew -->
        <test-method signature="testWhatsNewPage()[pri:2, instance:com.luma.tests.WhatsNewTest@6bbe85a8]" started-at="2023-10-12T17:39:31 IST" name="testWhatsNewPage" finished-at="2023-10-12T17:39:31 IST" duration-ms="15" status="PASS">
          <reporter-output>
          </reporter-output>
        </test-method> <!-- testWhatsNewPage -->
        <test-method signature="testWomensHoodies()[pri:3, instance:com.luma.tests.WhatsNewTest@6bbe85a8]" started-at="2023-10-12T17:39:31 IST" name="testWomensHoodies" finished-at="2023-10-12T17:39:34 IST" duration-ms="2814" status="PASS">
          <reporter-output>
          </reporter-output>
        </test-method> <!-- testWomensHoodies -->
        <test-method signature="testWomensHoodiesPage()[pri:4, instance:com.luma.tests.WhatsNewTest@6bbe85a8]" started-at="2023-10-12T17:39:34 IST" name="testWomensHoodiesPage" finished-at="2023-10-12T17:39:34 IST" duration-ms="12" status="PASS">
          <reporter-output>
          </reporter-output>
        </test-method> <!-- testWomensHoodiesPage -->
        <test-method signature="testWomensVNeckHoodie()[pri:5, instance:com.luma.tests.WhatsNewTest@6bbe85a8]" started-at="2023-10-12T17:39:34 IST" name="testWomensVNeckHoodie" finished-at="2023-10-12T17:39:37 IST" duration-ms="2840" status="PASS">
          <reporter-output>
          </reporter-output>
        </test-method> <!-- testWomensVNeckHoodie -->
        <test-method signature="testWomenVNeckPage()[pri:6, instance:com.luma.tests.WhatsNewTest@6bbe85a8]" started-at="2023-10-12T17:39:37 IST" name="testWomenVNeckPage" finished-at="2023-10-12T17:39:37 IST" duration-ms="9" status="PASS">
          <reporter-output>
          </reporter-output>
        </test-method> <!-- testWomenVNeckPage -->
        <test-method signature="testWomensVNeckHoodieSize()[pri:7, instance:com.luma.tests.WhatsNewTest@6bbe85a8]" started-at="2023-10-12T17:39:37 IST" name="testWomensVNeckHoodieSize" finished-at="2023-10-12T17:39:37 IST" duration-ms="123" status="PASS">
          <reporter-output>
          </reporter-output>
        </test-method> <!-- testWomensVNeckHoodieSize -->
        <test-method signature="testWomensVNeckHoodieColor()[pri:8, instance:com.luma.tests.WhatsNewTest@6bbe85a8]" started-at="2023-10-12T17:39:37 IST" name="testWomensVNeckHoodieColor" finished-at="2023-10-12T17:39:37 IST" duration-ms="60" status="PASS">
          <reporter-output>
          </reporter-output>
        </test-method> <!-- testWomensVNeckHoodieColor -->
        <test-method signature="testQuantity()[pri:9, instance:com.luma.tests.WhatsNewTest@6bbe85a8]" started-at="2023-10-12T17:39:37 IST" name="testQuantity" finished-at="2023-10-12T17:39:37 IST" duration-ms="126" status="PASS">
          <reporter-output>
          </reporter-output>
        </test-method> <!-- testQuantity -->
        <test-method signature="testAddToCat()[pri:10, instance:com.luma.tests.WhatsNewTest@6bbe85a8]" started-at="2023-10-12T17:39:37 IST" name="testAddToCat" finished-at="2023-10-12T17:39:37 IST" duration-ms="83" status="PASS">
          <reporter-output>
          </reporter-output>
        </test-method> <!-- testAddToCat -->
        <test-method signature="testAddToCartSucessMessage()[pri:11, instance:com.luma.tests.WhatsNewTest@6bbe85a8]" started-at="2023-10-12T17:39:37 IST" name="testAddToCartSucessMessage" finished-at="2023-10-12T17:39:40 IST" duration-ms="2655" status="PASS">
          <reporter-output>
          </reporter-output>
        </test-method> <!-- testAddToCartSucessMessage -->
        <test-method signature="testAddToCompare()[pri:12, instance:com.luma.tests.WhatsNewTest@6bbe85a8]" started-at="2023-10-12T17:39:40 IST" name="testAddToCompare" finished-at="2023-10-12T17:39:42 IST" duration-ms="2177" status="PASS">
          <reporter-output>
          </reporter-output>
        </test-method> <!-- testAddToCompare -->
        <test-method signature="testAddToCompareSucessMessage()[pri:13, instance:com.luma.tests.WhatsNewTest@6bbe85a8]" started-at="2023-10-12T17:39:42 IST" name="testAddToCompareSucessMessage" finished-at="2023-10-12T17:39:42 IST" duration-ms="64" status="PASS">
          <reporter-output>
          </reporter-output>
        </test-method> <!-- testAddToCompareSucessMessage -->
        <test-method signature="testShoppingCart()[pri:14, instance:com.luma.tests.WhatsNewTest@6bbe85a8]" started-at="2023-10-12T17:39:42 IST" name="testShoppingCart" finished-at="2023-10-12T17:39:42 IST" duration-ms="69" status="PASS">
          <reporter-output>
          </reporter-output>
        </test-method> <!-- testShoppingCart -->
        <test-method signature="testShoppingCartCloseButton()[pri:15, instance:com.luma.tests.WhatsNewTest@6bbe85a8]" started-at="2023-10-12T17:39:42 IST" name="testShoppingCartCloseButton" finished-at="2023-10-12T17:39:42 IST" duration-ms="49" status="PASS">
          <reporter-output>
          </reporter-output>
        </test-method> <!-- testShoppingCartCloseButton -->
        <test-method is-config="true" signature="tearDown()[pri:0, instance:com.luma.tests.WhatsNewTest@6bbe85a8]" started-at="2023-10-12T17:39:42 IST" name="tearDown" finished-at="2023-10-12T17:39:43 IST" duration-ms="124" status="PASS">
          <reporter-output>
          </reporter-output>
        </test-method> <!-- tearDown -->
      </class> <!-- com.luma.tests.WhatsNewTest -->
    </test> <!-- Default test -->
  </suite> <!-- Default suite -->
</testng-results>
